2023-12-18 14:12:259 INFO  HomePage :66 - Mouse hovering on desktops link and click : [[ChromeDriver: chrome on windows (643316216cadbfa0dd2b2525403c1cd4)] -> link text: Desktops]
2023-12-18 14:12:25 INFO  HomePage :60 - Selecting menu : [[[ChromeDriver: chrome on windows (643316216cadbfa0dd2b2525403c1cd4)] -> xpath: //nav[@id='menu']//ul/li[contains(@class, 'open')]/div/child::*], [[ChromeDriver: chrome on windows (643316216cadbfa0dd2b2525403c1cd4)] -> xpath: //nav[@id='menu']//ul/li[contains(@class, 'open')]/div/child::*]]
2023-12-18 14:12:45 INFO  DesktopPage :37 - Getting desktops text : [[ChromeDriver: chrome on windows (643316216cadbfa0dd2b2525403c1cd4)] -> xpath: //h2[contains(text(),'Desktops')]]
2023-12-18 14:12:978 INFO  HomePage :71 - Mouse hovering on laptops and notebooks link and click : [[ChromeDriver: chrome on windows (0a3e789f4b55b9de3096fef77460bc60)] -> link text: Laptops & Notebooks]
2023-12-18 14:12:514 INFO  HomePage :60 - Selecting menu : [[[ChromeDriver: chrome on windows (0a3e789f4b55b9de3096fef77460bc60)] -> xpath: //nav[@id='menu']//ul/li[contains(@class, 'open')]/div/child::*], [[ChromeDriver: chrome on windows (0a3e789f4b55b9de3096fef77460bc60)] -> xpath: //nav[@id='menu']//ul/li[contains(@class, 'open')]/div/child::*]]
2023-12-18 14:12:553 INFO  LaptopsAndNotebooksPage :42 - Getting laptops and notebooks text : [[ChromeDriver: chrome on windows (0a3e789f4b55b9de3096fef77460bc60)] -> xpath: //h2[contains(text(),'Laptops & Notebooks')]]
2023-12-18 14:12:376 INFO  HomePage :77 - Mouse hovering on components link and click : [[ChromeDriver: chrome on windows (3066167742b5ed036f6107e6a0b5ebc1)] -> link text: Components]
2023-12-18 14:12:72 INFO  HomePage :60 - Selecting menu : [[[ChromeDriver: chrome on windows (3066167742b5ed036f6107e6a0b5ebc1)] -> xpath: //nav[@id='menu']//ul/li[contains(@class, 'open')]/div/child::*], [[ChromeDriver: chrome on windows (3066167742b5ed036f6107e6a0b5ebc1)] -> xpath: //nav[@id='menu']//ul/li[contains(@class, 'open')]/div/child::*]]
2023-12-18 14:12:106 INFO  ComponentsPage :25 - Getting components text : [[ChromeDriver: chrome on windows (3066167742b5ed036f6107e6a0b5ebc1)] -> xpath: //h2[contains(text(),'Components')]]
2023-12-18 15:12:686 INFO  HomePage :30 - Hover on desktop and click [[ChromeDriver: chrome on windows (1d4403f6ce4257205bd7111755012cae)] -> xpath: //a[text()='Desktops']]
2023-12-18 15:12:313 INFO  HomePage :34 - Call select menu method and click [[ChromeDriver: chrome on windows (1d4403f6ce4257205bd7111755012cae)] -> xpath: //a[text()='Desktops']]
2023-12-18 15:12:595 INFO  DesktopsPage :42 - Click on sort by Dropdown [[ChromeDriver: chrome on windows (1d4403f6ce4257205bd7111755012cae)] -> id: input-sort]
2023-12-18 15:12:42 INFO  DesktopsPage :46 - Select name Z to A from dropdown [[ChromeDriver: chrome on windows (1d4403f6ce4257205bd7111755012cae)] -> id: input-sort]
2023-12-18 15:12:359 INFO  DesktopsPage :77 - Product is in Descending order [[[ChromeDriver: chrome on windows (1d4403f6ce4257205bd7111755012cae)] -> xpath: //h4/a], [[ChromeDriver: chrome on windows (1d4403f6ce4257205bd7111755012cae)] -> xpath: //h4/a], [[ChromeDriver: chrome on windows (1d4403f6ce4257205bd7111755012cae)] -> xpath: //h4/a], [[ChromeDriver: chrome on windows (1d4403f6ce4257205bd7111755012cae)] -> xpath: //h4/a], [[ChromeDriver: chrome on windows (1d4403f6ce4257205bd7111755012cae)] -> xpath: //h4/a], [[ChromeDriver: chrome on windows (1d4403f6ce4257205bd7111755012cae)] -> xpath: //h4/a], [[ChromeDriver: chrome on windows (1d4403f6ce4257205bd7111755012cae)] -> xpath: //h4/a], [[ChromeDriver: chrome on windows (1d4403f6ce4257205bd7111755012cae)] -> xpath: //h4/a], [[ChromeDriver: chrome on windows (1d4403f6ce4257205bd7111755012cae)] -> xpath: //h4/a], [[ChromeDriver: chrome on windows (1d4403f6ce4257205bd7111755012cae)] -> xpath: //h4/a], [[ChromeDriver: chrome on windows (1d4403f6ce4257205bd7111755012cae)] -> xpath: //h4/a], [[ChromeDriver: chrome on windows (1d4403f6ce4257205bd7111755012cae)] -> xpath: //h4/a]]
2023-12-18 15:12:626 INFO  HomePage :38 - Hover on the laptops and notebooks and click [[ChromeDriver: chrome on windows (f43ca803aaac115896de17ba47061982)] -> xpath: //a[text()='Laptops & Notebooks']]
2023-12-18 15:12:227 INFO  HomePage :34 - Call select menu method and click [[ChromeDriver: chrome on windows (f43ca803aaac115896de17ba47061982)] -> xpath: //a[text()='Desktops']]
2023-12-18 15:12:376 INFO  LaptopsAndNotebooksPage :42 - Click on sort by dropdown [[ChromeDriver: chrome on windows (f43ca803aaac115896de17ba47061982)] -> id: input-sort]
2023-12-18 15:12:851 INFO  LaptopsAndNotebooksPage :46 - Select price high to low [[ChromeDriver: chrome on windows (f43ca803aaac115896de17ba47061982)] -> id: input-sort]
2023-12-18 15:12:48 INFO  LaptopsAndNotebooksPage :73 - Select product macbook [2000.0, 1202.0, 1202.0, 602.0, 122.0]
2023-12-18 15:12:483 INFO  HomePage :38 - Hover on the laptops and notebooks and click [[ChromeDriver: chrome on windows (d201bdf663d02882dfd845acffefbc7d)] -> xpath: //a[text()='Laptops & Notebooks']]
2023-12-18 15:12:38 INFO  HomePage :34 - Call select menu method and click [[ChromeDriver: chrome on windows (d201bdf663d02882dfd845acffefbc7d)] -> xpath: //a[text()='Desktops']]
2023-12-18 15:12:139 INFO  LaptopsAndNotebooksPage :42 - Click on sort by dropdown [[ChromeDriver: chrome on windows (d201bdf663d02882dfd845acffefbc7d)] -> id: input-sort]
2023-12-18 15:12:553 INFO  LaptopsAndNotebooksPage :46 - Select price high to low [[ChromeDriver: chrome on windows (d201bdf663d02882dfd845acffefbc7d)] -> id: input-sort]
2023-12-18 15:12:920 INFO  MyAccountPage :83 - Click on my account link [[ChromeDriver: chrome on windows (fc219bd633eec579331990c82d2c433a)] -> xpath: //span[text()='My Account']]
2023-12-18 15:12:477 INFO  MyAccountPage :91 - Select my account option 
2023-12-18 15:12:910 INFO  MyAccountPage :83 - Click on my account link [[ChromeDriver: chrome on windows (d1c4df0c4b903235adb0045e334d1780)] -> xpath: //span[text()='My Account']]
2023-12-18 15:12:311 INFO  MyAccountPage :103 - Select my account Login 
2023-12-18 15:12:846 INFO  MyAccountPage :83 - Click on my account link [[ChromeDriver: chrome on windows (81b5cc860541b87d4ac26709e44d9658)] -> xpath: //span[text()='My Account']]
2023-12-18 15:12:413 INFO  MyAccountPage :91 - Select my account option 
2023-12-18 15:12:451 INFO  MyAccountPage :119 - All the information 
2023-12-18 15:12:951 INFO  MyAccountPage :83 - Click on my account link [[ChromeDriver: chrome on windows (43c3903f368c270e1894291518325cfb)] -> xpath: //span[text()='My Account']]
2023-12-18 15:12:325 INFO  MyAccountPage :103 - Select my account Login 
2023-12-18 15:12:354 INFO  MyAccountPage :144 - Get text my account Proxy element for: DefaultElementLocator 'By.xpath: //h2[text()='My Account']'
2023-12-18 15:12:871 INFO  HomePage :30 - Hover on desktop and click [[ChromeDriver: chrome on windows (1ca6c061e5867ba47f625b9818de6439)] -> xpath: //a[text()='Desktops']]
2023-12-18 15:12:555 INFO  HomePage :34 - Call select menu method and click [[ChromeDriver: chrome on windows (1ca6c061e5867ba47f625b9818de6439)] -> xpath: //a[text()='Desktops']]
2023-12-18 15:12:33 INFO  HomePage :38 - Hover on the laptops and notebooks and click [[ChromeDriver: chrome on windows (4f1e0b264c9401fc84b1a116d5d69ed6)] -> xpath: //a[text()='Laptops & Notebooks']]
2023-12-18 15:12:584 INFO  HomePage :34 - Call select menu method and click [[ChromeDriver: chrome on windows (4f1e0b264c9401fc84b1a116d5d69ed6)] -> xpath: //a[text()='Desktops']]
2023-12-18 15:12:15 INFO  HomePage :42 - Hover on the components and click [[ChromeDriver: chrome on windows (efc151fd745a38fc460e694dc3148241)] -> xpath: //a[text()='Components']]
2023-12-18 15:12:568 INFO  HomePage :34 - Call select menu method and click [[ChromeDriver: chrome on windows (efc151fd745a38fc460e694dc3148241)] -> xpath: //a[text()='Desktops']]
2023-12-18 21:12:920 INFO  HomePage :38 - Hover on the laptops and notebooks and click [[ChromeDriver: chrome on windows (1632ec452b69fab1c3724ef2fdadebeb)] -> xpath: //a[text()='Laptops & Notebooks']]
2023-12-18 21:12:495 INFO  HomePage :34 - Call select menu method and click [[ChromeDriver: chrome on windows (1632ec452b69fab1c3724ef2fdadebeb)] -> xpath: //a[text()='Desktops']]
2023-12-18 21:12:607 INFO  LaptopsAndNotebooksPage :42 - Click on sort by dropdown [[ChromeDriver: chrome on windows (1632ec452b69fab1c3724ef2fdadebeb)] -> id: input-sort]
2023-12-18 21:12:106 INFO  LaptopsAndNotebooksPage :46 - Select price high to low [[ChromeDriver: chrome on windows (1632ec452b69fab1c3724ef2fdadebeb)] -> id: input-sort]
2023-12-18 21:12:127 INFO  HomePage :30 - Hover on desktop and click [[ChromeDriver: chrome on windows (2a6fa2e735481ec68b976e8a77d080cd)] -> xpath: //a[text()='Desktops']]
2023-12-18 21:12:779 INFO  HomePage :34 - Call select menu method and click [[ChromeDriver: chrome on windows (2a6fa2e735481ec68b976e8a77d080cd)] -> xpath: //a[text()='Desktops']]
2023-12-18 21:12:896 INFO  HomePage :38 - Hover on the laptops and notebooks and click [[ChromeDriver: chrome on windows (66564558d3b4e808a65478fc8a716400)] -> xpath: //a[text()='Laptops & Notebooks']]
2023-12-18 21:12:555 INFO  HomePage :34 - Call select menu method and click [[ChromeDriver: chrome on windows (66564558d3b4e808a65478fc8a716400)] -> xpath: //a[text()='Desktops']]
2023-12-18 21:12:550 INFO  HomePage :42 - Hover on the components and click [[ChromeDriver: chrome on windows (702baf93eb289fe18f2a6570c2b61239)] -> xpath: //a[text()='Components']]
2023-12-18 21:12:264 INFO  HomePage :34 - Call select menu method and click [[ChromeDriver: chrome on windows (702baf93eb289fe18f2a6570c2b61239)] -> xpath: //a[text()='Desktops']]
2023-12-19 14:12:447 INFO  HomePage :30 - Hover on desktop and click [[ChromeDriver: chrome on windows (93d5d54a0dd46a27d104d44c395b68d1)] -> xpath: //a[text()='Desktops']]
2023-12-19 14:12:406 INFO  HomePage :34 - Call select menu method and click [[ChromeDriver: chrome on windows (93d5d54a0dd46a27d104d44c395b68d1)] -> xpath: //a[text()='Desktops']]
2023-12-19 14:12:611 INFO  DesktopsPage :42 - Click on sort by Dropdown [[ChromeDriver: chrome on windows (93d5d54a0dd46a27d104d44c395b68d1)] -> id: input-sort]
2023-12-19 14:12:630 INFO  DesktopsPage :46 - Select name Z to A from dropdown [[ChromeDriver: chrome on windows (93d5d54a0dd46a27d104d44c395b68d1)] -> id: input-sort]
2023-12-19 14:12:184 INFO  DesktopsPage :77 - Product is in Descending order [[[ChromeDriver: chrome on windows (93d5d54a0dd46a27d104d44c395b68d1)] -> xpath: //h4/a], [[ChromeDriver: chrome on windows (93d5d54a0dd46a27d104d44c395b68d1)] -> xpath: //h4/a], [[ChromeDriver: chrome on windows (93d5d54a0dd46a27d104d44c395b68d1)] -> xpath: //h4/a], [[ChromeDriver: chrome on windows (93d5d54a0dd46a27d104d44c395b68d1)] -> xpath: //h4/a], [[ChromeDriver: chrome on windows (93d5d54a0dd46a27d104d44c395b68d1)] -> xpath: //h4/a], [[ChromeDriver: chrome on windows (93d5d54a0dd46a27d104d44c395b68d1)] -> xpath: //h4/a], [[ChromeDriver: chrome on windows (93d5d54a0dd46a27d104d44c395b68d1)] -> xpath: //h4/a], [[ChromeDriver: chrome on windows (93d5d54a0dd46a27d104d44c395b68d1)] -> xpath: //h4/a], [[ChromeDriver: chrome on windows (93d5d54a0dd46a27d104d44c395b68d1)] -> xpath: //h4/a], [[ChromeDriver: chrome on windows (93d5d54a0dd46a27d104d44c395b68d1)] -> xpath: //h4/a], [[ChromeDriver: chrome on windows (93d5d54a0dd46a27d104d44c395b68d1)] -> xpath: //h4/a], [[ChromeDriver: chrome on windows (93d5d54a0dd46a27d104d44c395b68d1)] -> xpath: //h4/a]]
2023-12-19 14:12:419 INFO  HomePage :38 - Hover on the laptops and notebooks and click [[ChromeDriver: chrome on windows (31ca8cad00571cf923397181b1eda37b)] -> xpath: //a[text()='Laptops & Notebooks']]
2023-12-19 14:12:128 INFO  HomePage :34 - Call select menu method and click [[ChromeDriver: chrome on windows (31ca8cad00571cf923397181b1eda37b)] -> xpath: //a[text()='Desktops']]
2023-12-19 14:12:441 INFO  LaptopsAndNotebooksPage :42 - Click on sort by dropdown [[ChromeDriver: chrome on windows (31ca8cad00571cf923397181b1eda37b)] -> id: input-sort]
2023-12-19 14:12:129 INFO  LaptopsAndNotebooksPage :46 - Select price high to low [[ChromeDriver: chrome on windows (31ca8cad00571cf923397181b1eda37b)] -> id: input-sort]
2023-12-19 14:12:450 INFO  LaptopsAndNotebooksPage :73 - Select product macbook [2000.0, 1202.0, 1202.0, 602.0, 122.0]
2023-12-19 14:12:391 INFO  HomePage :38 - Hover on the laptops and notebooks and click [[ChromeDriver: chrome on windows (9ea6589e863fb44da47b52bd585ea6d3)] -> xpath: //a[text()='Laptops & Notebooks']]
2023-12-19 14:12:263 INFO  HomePage :34 - Call select menu method and click [[ChromeDriver: chrome on windows (9ea6589e863fb44da47b52bd585ea6d3)] -> xpath: //a[text()='Desktops']]
2023-12-19 14:12:432 INFO  LaptopsAndNotebooksPage :42 - Click on sort by dropdown [[ChromeDriver: chrome on windows (9ea6589e863fb44da47b52bd585ea6d3)] -> id: input-sort]
2023-12-19 14:12:30 INFO  LaptopsAndNotebooksPage :46 - Select price high to low [[ChromeDriver: chrome on windows (9ea6589e863fb44da47b52bd585ea6d3)] -> id: input-sort]
2023-12-19 14:12:921 INFO  MyAccountPage :83 - Click on my account link [[ChromeDriver: chrome on windows (74946fbda4533755887ba85caa13fdc1)] -> xpath: //span[text()='My Account']]
2023-12-19 14:12:856 INFO  MyAccountPage :91 - Select my account option 
2023-12-19 14:12:151 INFO  MyAccountPage :83 - Click on my account link [[ChromeDriver: chrome on windows (2aca5de06718147bd4b9aa5e91bcbeaa)] -> xpath: //span[text()='My Account']]
2023-12-19 14:12:729 INFO  MyAccountPage :103 - Select my account Login 
2023-12-19 14:12:512 INFO  MyAccountPage :83 - Click on my account link [[ChromeDriver: chrome on windows (c873efad59dde8e60a941ae557176aea)] -> xpath: //span[text()='My Account']]
2023-12-19 14:12:839 INFO  MyAccountPage :91 - Select my account option 
2023-12-19 14:12:243 INFO  MyAccountPage :119 - All the information 
2023-12-19 14:12:251 INFO  MyAccountPage :83 - Click on my account link [[ChromeDriver: chrome on windows (03e9b69ea6dc46951f56498573f0bac5)] -> xpath: //span[text()='My Account']]
2023-12-19 14:12:787 INFO  MyAccountPage :103 - Select my account Login 
2023-12-19 14:12:902 INFO  MyAccountPage :144 - Get text my account Proxy element for: DefaultElementLocator 'By.xpath: //h2[text()='My Account']'
2023-12-19 14:12:237 INFO  HomePage :30 - Hover on desktop and click [[ChromeDriver: chrome on windows (8f1a845c50b7c1fbdb245c7126c5d7e7)] -> xpath: //a[text()='Desktops']]
2023-12-19 14:12:165 INFO  HomePage :34 - Call select menu method and click [[ChromeDriver: chrome on windows (8f1a845c50b7c1fbdb245c7126c5d7e7)] -> xpath: //a[text()='Desktops']]
2023-12-19 14:12:979 INFO  HomePage :38 - Hover on the laptops and notebooks and click [[ChromeDriver: chrome on windows (55c69a5cd5a54b6ef0aa9ed91716a865)] -> xpath: //a[text()='Laptops & Notebooks']]
2023-12-19 14:12:749 INFO  HomePage :34 - Call select menu method and click [[ChromeDriver: chrome on windows (55c69a5cd5a54b6ef0aa9ed91716a865)] -> xpath: //a[text()='Desktops']]
2023-12-19 14:12:238 INFO  HomePage :42 - Hover on the components and click [[ChromeDriver: chrome on windows (cd333148b0c9907b396a7a4a217f3366)] -> xpath: //a[text()='Components']]
2023-12-19 14:12:926 INFO  HomePage :34 - Call select menu method and click [[ChromeDriver: chrome on windows (cd333148b0c9907b396a7a4a217f3366)] -> xpath: //a[text()='Desktops']]
2023-12-19 14:12:882 INFO  HomePage :30 - Hover on desktop and click [[ChromeDriver: chrome on windows (35532e929a80f987a6792f9107e24eef)] -> xpath: //a[text()='Desktops']]
2023-12-19 14:12:910 INFO  HomePage :34 - Call select menu method and click [[ChromeDriver: chrome on windows (35532e929a80f987a6792f9107e24eef)] -> xpath: //a[text()='Desktops']]
2023-12-19 14:12:198 INFO  DesktopsPage :42 - Click on sort by Dropdown [[ChromeDriver: chrome on windows (35532e929a80f987a6792f9107e24eef)] -> id: input-sort]
2023-12-19 14:12:258 INFO  DesktopsPage :46 - Select name Z to A from dropdown [[ChromeDriver: chrome on windows (35532e929a80f987a6792f9107e24eef)] -> id: input-sort]
2023-12-19 14:12:813 INFO  DesktopsPage :77 - Product is in Descending order [[[ChromeDriver: chrome on windows (35532e929a80f987a6792f9107e24eef)] -> xpath: //h4/a], [[ChromeDriver: chrome on windows (35532e929a80f987a6792f9107e24eef)] -> xpath: //h4/a], [[ChromeDriver: chrome on windows (35532e929a80f987a6792f9107e24eef)] -> xpath: //h4/a], [[ChromeDriver: chrome on windows (35532e929a80f987a6792f9107e24eef)] -> xpath: //h4/a], [[ChromeDriver: chrome on windows (35532e929a80f987a6792f9107e24eef)] -> xpath: //h4/a], [[ChromeDriver: chrome on windows (35532e929a80f987a6792f9107e24eef)] -> xpath: //h4/a], [[ChromeDriver: chrome on windows (35532e929a80f987a6792f9107e24eef)] -> xpath: //h4/a], [[ChromeDriver: chrome on windows (35532e929a80f987a6792f9107e24eef)] -> xpath: //h4/a], [[ChromeDriver: chrome on windows (35532e929a80f987a6792f9107e24eef)] -> xpath: //h4/a], [[ChromeDriver: chrome on windows (35532e929a80f987a6792f9107e24eef)] -> xpath: //h4/a], [[ChromeDriver: chrome on windows (35532e929a80f987a6792f9107e24eef)] -> xpath: //h4/a], [[ChromeDriver: chrome on windows (35532e929a80f987a6792f9107e24eef)] -> xpath: //h4/a]]
2023-12-19 14:12:385 INFO  HomePage :38 - Hover on the laptops and notebooks and click [[ChromeDriver: chrome on windows (93c65c7551f4055dc6ad697ecb679d78)] -> xpath: //a[text()='Laptops & Notebooks']]
2023-12-19 14:12:80 INFO  HomePage :34 - Call select menu method and click [[ChromeDriver: chrome on windows (93c65c7551f4055dc6ad697ecb679d78)] -> xpath: //a[text()='Desktops']]
2023-12-19 14:12:290 INFO  LaptopsAndNotebooksPage :42 - Click on sort by dropdown [[ChromeDriver: chrome on windows (93c65c7551f4055dc6ad697ecb679d78)] -> id: input-sort]
2023-12-19 14:12:893 INFO  LaptopsAndNotebooksPage :46 - Select price high to low [[ChromeDriver: chrome on windows (93c65c7551f4055dc6ad697ecb679d78)] -> id: input-sort]
2023-12-19 14:12:212 INFO  LaptopsAndNotebooksPage :73 - Select product macbook [2000.0, 1202.0, 1202.0, 602.0, 122.0]
2023-12-19 14:12:689 INFO  HomePage :38 - Hover on the laptops and notebooks and click [[ChromeDriver: chrome on windows (bfaad7697a4a1b96260b4588bca7ee7f)] -> xpath: //a[text()='Laptops & Notebooks']]
2023-12-19 14:12:349 INFO  HomePage :34 - Call select menu method and click [[ChromeDriver: chrome on windows (bfaad7697a4a1b96260b4588bca7ee7f)] -> xpath: //a[text()='Desktops']]
2023-12-19 14:12:575 INFO  LaptopsAndNotebooksPage :42 - Click on sort by dropdown [[ChromeDriver: chrome on windows (bfaad7697a4a1b96260b4588bca7ee7f)] -> id: input-sort]
2023-12-19 14:12:167 INFO  LaptopsAndNotebooksPage :46 - Select price high to low [[ChromeDriver: chrome on windows (bfaad7697a4a1b96260b4588bca7ee7f)] -> id: input-sort]
2023-12-19 14:12:337 INFO  MyAccountPage :83 - Click on my account link [[ChromeDriver: chrome on windows (aaa9a02ea40fedd0fe975372b41f6b86)] -> xpath: //span[text()='My Account']]
2023-12-19 14:12:52 INFO  MyAccountPage :91 - Select my account option 
2023-12-19 14:12:648 INFO  MyAccountPage :83 - Click on my account link [[ChromeDriver: chrome on windows (18a3458b0b18c5eca9d80081da47f325)] -> xpath: //span[text()='My Account']]
2023-12-19 14:12:203 INFO  MyAccountPage :103 - Select my account Login 
2023-12-19 14:12:789 INFO  MyAccountPage :83 - Click on my account link [[ChromeDriver: chrome on windows (9f6ef4218b33f7e125114b3e6fff7553)] -> xpath: //span[text()='My Account']]
2023-12-19 14:12:476 INFO  MyAccountPage :91 - Select my account option 
2023-12-19 14:12:876 INFO  MyAccountPage :119 - All the information 
2023-12-19 14:12:996 INFO  MyAccountPage :83 - Click on my account link [[ChromeDriver: chrome on windows (3cb6dd8bc16dda28ff18b3657e485942)] -> xpath: //span[text()='My Account']]
2023-12-19 14:12:539 INFO  MyAccountPage :103 - Select my account Login 
2023-12-19 14:12:613 INFO  MyAccountPage :144 - Get text my account Proxy element for: DefaultElementLocator 'By.xpath: //h2[text()='My Account']'
2023-12-19 14:12:715 INFO  MyAccountPage :87 - Click on my account link [[ChromeDriver: chrome on windows (3cb6dd8bc16dda28ff18b3657e485942)] -> xpath: //span[text()='My Account']]
2023-12-19 14:12:571 INFO  MyAccountPage :95 - Select my account logout option 
2023-12-19 14:12:599 INFO  MyAccountPage :136 - Get text Account log out [[ChromeDriver: chrome on windows (3cb6dd8bc16dda28ff18b3657e485942)] -> xpath: //h1[text()='Account Logout']]
2023-12-19 14:12:124 INFO  MyAccountPage :133 - Click on continue button [[ChromeDriver: chrome on windows (3cb6dd8bc16dda28ff18b3657e485942)] -> css selector: a[class='btn btn-primary']]
2023-12-19 14:12:674 INFO  HomePage :30 - Hover on desktop and click [[ChromeDriver: chrome on windows (b10b5344fbfa25da66f2050272603ed7)] -> xpath: //a[text()='Desktops']]
2023-12-19 14:12:392 INFO  HomePage :34 - Call select menu method and click [[ChromeDriver: chrome on windows (b10b5344fbfa25da66f2050272603ed7)] -> xpath: //a[text()='Desktops']]
2023-12-19 14:12:531 INFO  HomePage :38 - Hover on the laptops and notebooks and click [[ChromeDriver: chrome on windows (34344f450a6d98f7be16f7f0552b8886)] -> xpath: //a[text()='Laptops & Notebooks']]
2023-12-19 14:12:219 INFO  HomePage :34 - Call select menu method and click [[ChromeDriver: chrome on windows (34344f450a6d98f7be16f7f0552b8886)] -> xpath: //a[text()='Desktops']]
2023-12-19 14:12:258 INFO  HomePage :42 - Hover on the components and click [[ChromeDriver: chrome on windows (a7511188d0a297a186c9c56c991fedbb)] -> xpath: //a[text()='Components']]
2023-12-19 14:12:921 INFO  HomePage :34 - Call select menu method and click [[ChromeDriver: chrome on windows (a7511188d0a297a186c9c56c991fedbb)] -> xpath: //a[text()='Desktops']]
